<?xml version="1.0" encoding="UTF-8"?>
<!-- Generated by org.testng.reporters.JUnitReportReporter -->
<testsuite skipped="0" hostname="BOD-9061-01" name="tests.AddContractTest" tests="1" failures="0" timestamp="23 Feb 2020 20:53:08 GMT" time="21.912" errors="0">
  <testcase name="AddingContact" time="21.912" classname="tests.AddContractTest"/>
</testsuite> <!-- tests.AddContractTest -->
