<?xml version="1.0" encoding="UTF-8"?>
<!-- Generated by org.testng.reporters.JUnitReportReporter -->
<testsuite skipped="0" hostname="BOD-9061-01" name="tests.LoginTest" tests="1" failures="0" timestamp="22 Feb 2020 16:53:52 GMT" time="15.463" errors="0">
  <testcase name="TechfiosLogin" time="15.463" classname="tests.LoginTest"/>
</testsuite> <!-- tests.LoginTest -->
